<?xml version="1.0" encoding="UTF-8"?>
<!-- Generated by org.testng.reporters.JUnitXMLReporter -->
<testsuite ignored="0" hostname="VKBHEDIATL054" failures="0" tests="5" name="Surefire test" time="20.31" errors="0" timestamp="2024-07-19T10:32:16 SAST">
  <testcase classname="vkb.testng.setup.AssertTest" name="AssertTitle" time="0.014"/>
  <testcase classname="vkb.testng.setup.GroupTests" name="SetupChrome" time="4.848"/>
  <testcase classname="vkb.testng.setup.GroupTests" name="SetupFireFox" time="7.179"/>
  <testcase classname="vkb.testng.setup.GroupTests" name="NavigateChrome" time="1.408"/>
  <testcase classname="vkb.testng.setup.GroupTests" name="NavigateFireFox" time="1.311"/>
</testsuite> <!-- Surefire test -->
