<?xml version="1.0" encoding="UTF-8"?>
<!-- Generated by org.testng.reporters.JUnitXMLReporter -->
<testsuite ignored="0" hostname="VKBHEDIATL054" failures="0" tests="4" name="Default test" time="16.191" errors="0" timestamp="2024-07-18T12:13:17 SAST">
  <testcase classname="vkb.testng.setup.GroupTests" name="SetupChrome" time="5.513"/>
  <testcase classname="vkb.testng.setup.GroupTests" name="SetupFireFox" time="7.764"/>
  <testcase classname="vkb.testng.setup.GroupTests" name="NavigateChrome" time="1.199"/>
  <testcase classname="vkb.testng.setup.GroupTests" name="NavigateFireFox" time="1.682"/>
</testsuite> <!-- Default test -->
