<?xml version="1.0" encoding="UTF-8"?>
<!-- Generated by org.testng.reporters.JUnitXMLReporter -->
<testsuite ignored="0" hostname="VKBHEDIATL054" failures="0" tests="6" name="Test" time="24.696" errors="0" timestamp="2024-07-18T13:17:58 SAST">
  <testcase classname="vkb.testng.setup.FirstTestNG" name="printTest" time="0.006"/>
  <testcase classname="vkb.testng.setup.GroupTests" name="SetupChrome" time="5.329"/>
  <testcase classname="vkb.testng.setup.GroupTests" name="SetupFireFox" time="6.919"/>
  <testcase classname="vkb.testng.setup.GroupTests" name="NavigateChrome" time="1.263"/>
  <testcase classname="vkb.testng.setup.GroupTests" name="NavigateFireFox" time="1.086"/>
  <testcase classname="vkb.testng.setup.AssertTest" name="AssertTitle" time="0.008"/>
</testsuite> <!-- Test -->
