<?xml version="1.0" encoding="UTF-8"?>
<testng-results ignored="0" total="6" passed="6" failed="0" skipped="0">
  <reporter-output>
  </reporter-output>
  <suite started-at="2024-07-18T13:17:33 SAST" name="SuiteTestNG" finished-at="2024-07-18T13:17:58 SAST" duration-ms="24696">
    <groups>
      <group name="Chrome">
        <method signature="GroupTests.SetupChrome()[pri:0, instance:vkb.testng.setup.GroupTests@6e6f2380]" name="SetupChrome" class="vkb.testng.setup.GroupTests"/>
        <method signature="GroupTests.NavigateChrome()[pri:0, instance:vkb.testng.setup.GroupTests@6e6f2380]" name="NavigateChrome" class="vkb.testng.setup.GroupTests"/>
      </group> <!-- Chrome -->
      <group name="Firefox">
        <method signature="GroupTests.SetupFireFox()[pri:0, instance:vkb.testng.setup.GroupTests@6e6f2380]" name="SetupFireFox" class="vkb.testng.setup.GroupTests"/>
        <method signature="GroupTests.NavigateFireFox()[pri:0, instance:vkb.testng.setup.GroupTests@6e6f2380]" name="NavigateFireFox" class="vkb.testng.setup.GroupTests"/>
      </group> <!-- Firefox -->
    </groups>
    <test started-at="2024-07-18T13:17:33 SAST" name="Test" finished-at="2024-07-18T13:17:58 SAST" duration-ms="24696">
      <class name="vkb.testng.setup.AssertTest">
        <test-method is-config="true" signature="beforeMethod()[pri:0, instance:vkb.testng.setup.AssertTest@76a4ebf2]" started-at="2024-07-18T13:17:48 SAST" name="beforeMethod" finished-at="2024-07-18T13:17:58 SAST" duration-ms="9952" status="PASS">
          <reporter-output>
          </reporter-output>
        </test-method> <!-- beforeMethod -->
        <test-method signature="AssertTitle()[pri:0, instance:vkb.testng.setup.AssertTest@76a4ebf2]" started-at="2024-07-18T13:17:58 SAST" name="AssertTitle" finished-at="2024-07-18T13:17:58 SAST" duration-ms="8" status="PASS">
          <reporter-output>
          </reporter-output>
        </test-method> <!-- AssertTitle -->
        <test-method is-config="true" signature="afterMethod()[pri:0, instance:vkb.testng.setup.AssertTest@76a4ebf2]" started-at="2024-07-18T13:17:58 SAST" name="afterMethod" finished-at="2024-07-18T13:17:58 SAST" duration-ms="105" status="PASS">
          <reporter-output>
          </reporter-output>
        </test-method> <!-- afterMethod -->
      </class> <!-- vkb.testng.setup.AssertTest -->
      <class name="vkb.testng.setup.FirstTestNG">
        <test-method is-config="true" signature="beforeSuite()[pri:0, instance:vkb.testng.setup.FirstTestNG@740cae06]" started-at="2024-07-18T13:17:33 SAST" name="beforeSuite" finished-at="2024-07-18T13:17:33 SAST" duration-ms="5" status="PASS">
          <reporter-output>
          </reporter-output>
        </test-method> <!-- beforeSuite -->
        <test-method is-config="true" signature="beforeTest()[pri:0, instance:vkb.testng.setup.FirstTestNG@740cae06]" started-at="2024-07-18T13:17:33 SAST" name="beforeTest" finished-at="2024-07-18T13:17:33 SAST" duration-ms="1" status="PASS">
          <reporter-output>
          </reporter-output>
        </test-method> <!-- beforeTest -->
        <test-method is-config="true" signature="beforeClass()[pri:0, instance:vkb.testng.setup.FirstTestNG@740cae06]" started-at="2024-07-18T13:17:33 SAST" name="beforeClass" finished-at="2024-07-18T13:17:33 SAST" duration-ms="1" status="PASS">
          <reporter-output>
          </reporter-output>
        </test-method> <!-- beforeClass -->
        <test-method signature="printTest()[pri:0, instance:vkb.testng.setup.FirstTestNG@740cae06]" started-at="2024-07-18T13:17:33 SAST" name="printTest" finished-at="2024-07-18T13:17:33 SAST" duration-ms="6" status="PASS">
          <reporter-output>
          </reporter-output>
        </test-method> <!-- printTest -->
        <test-method is-config="true" signature="beforeMethod()[pri:0, instance:vkb.testng.setup.FirstTestNG@740cae06]" started-at="2024-07-18T13:17:33 SAST" name="beforeMethod" finished-at="2024-07-18T13:17:33 SAST" duration-ms="0" status="PASS">
          <reporter-output>
          </reporter-output>
        </test-method> <!-- beforeMethod -->
        <test-method is-config="true" signature="afterMethod()[pri:0, instance:vkb.testng.setup.FirstTestNG@740cae06]" started-at="2024-07-18T13:17:33 SAST" name="afterMethod" finished-at="2024-07-18T13:17:33 SAST" duration-ms="1" status="PASS">
          <reporter-output>
          </reporter-output>
        </test-method> <!-- afterMethod -->
        <test-method is-config="true" signature="afterClass()[pri:0, instance:vkb.testng.setup.FirstTestNG@740cae06]" started-at="2024-07-18T13:17:33 SAST" name="afterClass" finished-at="2024-07-18T13:17:33 SAST" duration-ms="0" status="PASS">
          <reporter-output>
          </reporter-output>
        </test-method> <!-- afterClass -->
        <test-method is-config="true" signature="afterTest()[pri:0, instance:vkb.testng.setup.FirstTestNG@740cae06]" started-at="2024-07-18T13:17:58 SAST" name="afterTest" finished-at="2024-07-18T13:17:58 SAST" duration-ms="0" status="PASS">
          <reporter-output>
          </reporter-output>
        </test-method> <!-- afterTest -->
        <test-method is-config="true" signature="afterSuite()[pri:0, instance:vkb.testng.setup.FirstTestNG@740cae06]" started-at="2024-07-18T13:17:58 SAST" name="afterSuite" finished-at="2024-07-18T13:17:58 SAST" duration-ms="0" status="PASS">
          <reporter-output>
          </reporter-output>
        </test-method> <!-- afterSuite -->
      </class> <!-- vkb.testng.setup.FirstTestNG -->
      <class name="vkb.testng.setup.GroupTests">
        <test-method signature="SetupChrome()[pri:0, instance:vkb.testng.setup.GroupTests@6e6f2380]" started-at="2024-07-18T13:17:33 SAST" name="SetupChrome" finished-at="2024-07-18T13:17:39 SAST" duration-ms="5329" status="PASS">
          <reporter-output>
          </reporter-output>
        </test-method> <!-- SetupChrome -->
        <test-method signature="SetupFireFox()[pri:0, instance:vkb.testng.setup.GroupTests@6e6f2380]" started-at="2024-07-18T13:17:39 SAST" name="SetupFireFox" finished-at="2024-07-18T13:17:46 SAST" duration-ms="6919" status="PASS">
          <reporter-output>
          </reporter-output>
        </test-method> <!-- SetupFireFox -->
        <test-method signature="NavigateChrome()[pri:0, instance:vkb.testng.setup.GroupTests@6e6f2380]" started-at="2024-07-18T13:17:46 SAST" name="NavigateChrome" finished-at="2024-07-18T13:17:47 SAST" depends-on-methods="vkb.testng.setup.GroupTests.SetupChrome" duration-ms="1263" status="PASS">
          <reporter-output>
          </reporter-output>
        </test-method> <!-- NavigateChrome -->
        <test-method signature="NavigateFireFox()[pri:0, instance:vkb.testng.setup.GroupTests@6e6f2380]" started-at="2024-07-18T13:17:47 SAST" name="NavigateFireFox" finished-at="2024-07-18T13:17:48 SAST" depends-on-methods="vkb.testng.setup.GroupTests.SetupFireFox" duration-ms="1086" status="PASS">
          <reporter-output>
          </reporter-output>
        </test-method> <!-- NavigateFireFox -->
      </class> <!-- vkb.testng.setup.GroupTests -->
    </test> <!-- Test -->
  </suite> <!-- SuiteTestNG -->
</testng-results>
